[2025-08-27T01:42:22.631+0000] {local_task_job_runner.py:123} INFO - ::group::Pre task execution logs
[2025-08-27T01:42:22.648+0000] {taskinstance.py:2612} INFO - Dependencies all met for dep_context=non-requeueable deps ti=<TaskInstance: customer_metrics.write_to_staging manual__2025-08-27T01:42:09.985536+00:00 [queued]>
[2025-08-27T01:42:22.656+0000] {taskinstance.py:2612} INFO - Dependencies all met for dep_context=requeueable deps ti=<TaskInstance: customer_metrics.write_to_staging manual__2025-08-27T01:42:09.985536+00:00 [queued]>
[2025-08-27T01:42:22.656+0000] {taskinstance.py:2865} INFO - Starting attempt 1 of 1
[2025-08-27T01:42:22.671+0000] {taskinstance.py:2888} INFO - Executing <Task(AirbyteTriggerSyncOperator): write_to_staging> on 2025-08-27 01:42:09.985536+00:00
[2025-08-27T01:42:22.679+0000] {standard_task_runner.py:104} INFO - Running: ['airflow', 'tasks', 'run', 'customer_metrics', 'write_to_staging', 'manual__2025-08-27T01:42:09.985536+00:00', '--job-id', '31', '--raw', '--subdir', 'DAGS_FOLDER/customer_metrics.py', '--cfg-path', '/tmp/tmp6l1mbd2_']
[2025-08-27T01:42:22.681+0000] {standard_task_runner.py:105} INFO - Job 31: Subtask write_to_staging
[2025-08-27T01:42:22.682+0000] {logging_mixin.py:190} WARNING - /home/airflow/.local/lib/python3.12/site-packages/airflow/task/task_runner/standard_task_runner.py:70 DeprecationWarning: This process (pid=1167) is multi-threaded, use of fork() may lead to deadlocks in the child.
[2025-08-27T01:42:22.682+0000] {standard_task_runner.py:72} INFO - Started process 1169 to run task
[2025-08-27T01:42:22.719+0000] {task_command.py:467} INFO - Running <TaskInstance: customer_metrics.write_to_staging manual__2025-08-27T01:42:09.985536+00:00 [running]> on host a94bea4a24e8
[2025-08-27T01:42:22.815+0000] {taskinstance.py:3131} INFO - Exporting env vars: AIRFLOW_CTX_DAG_OWNER='airflow' AIRFLOW_CTX_DAG_ID='customer_metrics' AIRFLOW_CTX_TASK_ID='write_to_staging' AIRFLOW_CTX_EXECUTION_DATE='2025-08-27T01:42:09.985536+00:00' AIRFLOW_CTX_TRY_NUMBER='1' AIRFLOW_CTX_DAG_RUN_ID='manual__2025-08-27T01:42:09.985536+00:00'
[2025-08-27T01:42:22.819+0000] {taskinstance.py:731} INFO - ::endgroup::
[2025-08-27T01:42:22.856+0000] {base.py:84} INFO - Retrieving connection 'airbyte'
[2025-08-27T01:42:23.177+0000] {airbyte.py:95} INFO - Job 9 was submitted to Airbyte Server
[2025-08-27T01:42:23.177+0000] {airbyte.py:97} INFO - Waiting for job 9 to complete
[2025-08-27T01:42:26.185+0000] {base.py:84} INFO - Retrieving connection 'airbyte'
[2025-08-27T01:42:29.201+0000] {base.py:84} INFO - Retrieving connection 'airbyte'
[2025-08-27T01:42:32.216+0000] {base.py:84} INFO - Retrieving connection 'airbyte'
[2025-08-27T01:42:35.229+0000] {base.py:84} INFO - Retrieving connection 'airbyte'
[2025-08-27T01:42:38.241+0000] {base.py:84} INFO - Retrieving connection 'airbyte'
[2025-08-27T01:42:41.278+0000] {base.py:84} INFO - Retrieving connection 'airbyte'
[2025-08-27T01:42:44.334+0000] {base.py:84} INFO - Retrieving connection 'airbyte'
[2025-08-27T01:42:47.389+0000] {base.py:84} INFO - Retrieving connection 'airbyte'
[2025-08-27T01:42:47.427+0000] {airbyte.py:124} INFO - Job 9 completed successfully
[2025-08-27T01:42:47.518+0000] {taskinstance.py:340} INFO - ::group::Post task execution logs
[2025-08-27T01:42:47.521+0000] {taskinstance.py:352} INFO - Marking task as SUCCESS. dag_id=customer_metrics, task_id=write_to_staging, run_id=manual__2025-08-27T01:42:09.985536+00:00, execution_date=20250827T014209, start_date=20250827T014222, end_date=20250827T014247
[2025-08-27T01:42:47.608+0000] {local_task_job_runner.py:266} INFO - Task exited with return code 0
[2025-08-27T01:42:47.691+0000] {standard_task_runner.py:217} INFO - Process not found (most likely exited), stop collecting metrics
[2025-08-27T01:42:47.729+0000] {taskinstance.py:3900} INFO - 1 downstream tasks scheduled from follow-on schedule check
[2025-08-27T01:42:47.738+0000] {local_task_job_runner.py:245} INFO - ::endgroup::
